04/02/2020 02:42:01 PM Bot execution started
04/02/2020 02:42:01 PM Reading services file
04/02/2020 02:42:01 PM checking linux services
04/02/2020 02:42:01 PM checking linux services
04/02/2020 02:42:01 PM updating COunter +1
04/02/2020 02:42:15 PM Bot execution started
04/02/2020 02:42:15 PM Reading services file
04/02/2020 02:42:15 PM checking linux services
04/02/2020 02:42:15 PM checking linux services
04/02/2020 02:42:15 PM updating COunter +1
04/02/2020 02:42:15 PM Sending out email
04/02/2020 02:44:36 PM Bot execution started
04/02/2020 02:44:36 PM Reading services file
04/02/2020 02:44:36 PM checking linux services
04/02/2020 02:44:36 PM Resetting Counter
04/03/2020 03:27:30 PM Bot execution started
04/03/2020 03:28:15 PM Bot execution started
04/03/2020 03:29:47 PM Bot execution started
04/03/2020 03:33:11 PM Bot execution started
04/03/2020 03:35:09 PM Bot execution started
04/03/2020 03:44:18 PM Bot execution started
04/03/2020 03:46:47 PM Bot execution started
04/03/2020 04:01:24 PM Bot execution started
04/03/2020 04:01:24 PM Reading services file
04/03/2020 04:01:24 PM checking linux services
04/03/2020 04:01:24 PM Resetting Counter
04/03/2020 04:02:26 PM Bot execution started
04/03/2020 04:02:26 PM Reading services file
04/03/2020 04:02:26 PM checking linux services
04/03/2020 04:02:26 PM checking linux services
04/03/2020 04:02:26 PM updating COunter +1
04/03/2020 04:02:42 PM Bot execution started
04/03/2020 04:02:42 PM Reading services file
04/03/2020 04:02:42 PM checking linux services
04/03/2020 04:02:42 PM checking linux services
04/03/2020 04:02:42 PM updating COunter +1
04/03/2020 04:02:42 PM Sending out email
04/03/2020 04:03:53 PM Bot execution started
04/03/2020 04:03:53 PM Reading services file
04/03/2020 04:03:53 PM checking linux services
04/03/2020 04:03:53 PM checking linux services
04/03/2020 04:03:53 PM updating COunter +1
04/03/2020 04:03:53 PM Sending out email
04/03/2020 04:04:26 PM Bot execution started
04/03/2020 04:04:26 PM Reading services file
04/03/2020 04:04:26 PM checking linux services
04/03/2020 04:04:26 PM checking linux services
04/03/2020 04:04:26 PM updating COunter +1
04/03/2020 04:04:26 PM Sending out email
04/03/2020 04:04:33 PM Bot execution started
04/03/2020 04:04:33 PM Reading services file
04/03/2020 04:04:33 PM checking linux services
04/03/2020 04:04:33 PM checking linux services
04/03/2020 04:04:33 PM updating COunter +1
04/03/2020 04:04:33 PM Sending out email
04/03/2020 04:04:44 PM Bot execution started
04/03/2020 04:04:44 PM Reading services file
04/03/2020 04:04:44 PM checking linux services
04/03/2020 04:04:44 PM checking linux services
04/03/2020 04:04:44 PM updating COunter +1
04/03/2020 04:04:44 PM Sending out email
04/03/2020 04:04:52 PM Bot execution started
04/03/2020 04:04:52 PM Reading services file
04/03/2020 04:04:52 PM checking linux services
04/03/2020 04:04:52 PM checking linux services
04/03/2020 04:04:52 PM updating COunter +1
04/03/2020 04:04:52 PM Sending out email
04/03/2020 04:05:15 PM Bot execution started
04/03/2020 04:05:15 PM Reading services file
04/03/2020 04:05:15 PM checking linux services
04/03/2020 04:05:15 PM checking linux services
04/03/2020 04:05:15 PM updating COunter +1
04/03/2020 04:05:15 PM Sending out email
04/03/2020 04:06:24 PM Bot execution started
04/03/2020 04:06:24 PM Reading services file
04/03/2020 04:06:24 PM checking linux services
04/03/2020 04:06:24 PM checking linux services
04/03/2020 04:06:24 PM updating COunter +1
04/03/2020 04:06:24 PM Sending out email
04/03/2020 04:21:51 PM Bot execution started
04/03/2020 04:21:51 PM Reading services file
04/03/2020 04:21:51 PM checking linux services
04/03/2020 04:21:51 PM checking linux services
04/03/2020 04:21:51 PM updating COunter +1
04/03/2020 04:21:51 PM Sending out email
04/03/2020 04:22:11 PM Bot execution started
04/03/2020 04:22:11 PM Reading services file
04/03/2020 04:22:11 PM checking linux services
04/03/2020 04:22:11 PM checking linux services
04/03/2020 04:22:11 PM updating COunter +1
04/03/2020 04:22:11 PM Sending out email
04/03/2020 05:50:53 PM Bot execution started
04/03/2020 05:50:53 PM Reading services file
04/03/2020 05:50:53 PM checking linux services
04/03/2020 05:50:53 PM checking linux services
04/03/2020 05:50:53 PM updating COunter +1
04/03/2020 05:50:53 PM Sending out email
04/03/2020 05:51:22 PM Bot execution started
04/03/2020 05:51:22 PM Reading services file
04/03/2020 05:51:22 PM checking linux services
04/03/2020 05:51:22 PM checking linux services
04/03/2020 05:51:22 PM updating COunter +1
04/03/2020 05:51:22 PM Sending out email
04/03/2020 05:56:07 PM Bot execution started
04/03/2020 05:56:07 PM Reading services file
04/03/2020 05:56:07 PM checking linux services
04/03/2020 05:56:07 PM checking linux services
04/03/2020 05:56:07 PM updating COunter +1
04/03/2020 05:56:07 PM Sending out email
04/03/2020 07:34:47 PM Bot execution started
04/03/2020 07:34:47 PM Reading services file
04/03/2020 07:34:47 PM checking linux services
04/03/2020 07:34:47 PM checking linux services
04/03/2020 07:34:47 PM updating COunter +1
04/03/2020 07:34:47 PM Sending out email
04/28/2020 10:42:56 PM Bot execution started
04/28/2020 10:42:56 PM Reading services file
04/28/2020 10:43:35 PM Bot execution started
04/28/2020 10:43:35 PM Reading services file
04/28/2020 10:43:35 PM checking linux services
04/28/2020 10:43:35 PM checking linux services
04/28/2020 10:43:35 PM checking linux services
04/28/2020 10:43:35 PM updating COunter +1
04/28/2020 10:43:35 PM Sending out email
04/28/2020 10:44:12 PM Bot execution started
04/28/2020 10:44:12 PM Reading services file
04/28/2020 10:44:12 PM checking linux services
04/28/2020 10:44:12 PM checking linux services
04/28/2020 10:44:12 PM checking linux services
04/28/2020 10:44:12 PM updating COunter +1
04/28/2020 10:44:12 PM Sending out email
04/28/2020 10:44:46 PM Bot execution started
04/28/2020 10:44:46 PM Reading services file
04/28/2020 10:44:46 PM checking linux services
04/28/2020 10:44:46 PM checking linux services
04/28/2020 10:44:46 PM checking linux services
04/28/2020 10:44:46 PM updating COunter +1
04/28/2020 10:44:46 PM Sending out email
04/28/2020 10:44:59 PM Bot execution started
04/28/2020 10:44:59 PM Reading services file
04/28/2020 10:44:59 PM checking linux services
04/28/2020 10:44:59 PM checking linux services
04/28/2020 10:44:59 PM checking linux services
04/28/2020 10:44:59 PM updating COunter +1
04/28/2020 10:44:59 PM Sending out email
04/28/2020 10:45:43 PM Bot execution started
04/28/2020 10:45:43 PM Reading services file
04/28/2020 10:45:43 PM checking linux services
04/28/2020 10:45:43 PM checking linux services
04/28/2020 10:45:43 PM checking linux services
04/28/2020 10:45:43 PM updating COunter +1
04/28/2020 10:50:41 PM Bot execution started
04/28/2020 10:50:41 PM Reading services file
04/28/2020 10:50:41 PM checking linux services
04/28/2020 10:50:41 PM checking linux services
04/28/2020 10:50:41 PM checking linux services
04/28/2020 10:50:41 PM updating COunter +1
04/28/2020 10:50:41 PM Sending out email
04/29/2020 01:32:13 AM Bot execution started
04/29/2020 01:32:44 AM Bot execution started
04/29/2020 01:38:37 AM Bot execution started
04/29/2020 01:39:14 AM Bot execution started
04/29/2020 01:41:50 AM Bot execution started
04/29/2020 01:42:46 AM Bot execution started
04/29/2020 01:43:11 AM Bot execution started
04/29/2020 01:47:58 AM Bot execution started
04/29/2020 01:48:48 AM Bot execution started
04/29/2020 01:48:57 AM Bot execution started
04/29/2020 01:51:48 AM Bot execution started
04/29/2020 01:51:59 AM Bot execution started
04/29/2020 01:53:58 AM Bot execution started
04/29/2020 01:56:18 AM Bot execution started
04/29/2020 01:56:27 AM Bot execution started
04/29/2020 01:56:48 AM Bot execution started
04/29/2020 01:56:55 AM Bot execution started
04/29/2020 02:00:50 AM Bot execution started
04/29/2020 02:01:04 AM Bot execution started
04/29/2020 02:09:47 AM Bot execution started
04/29/2020 02:10:02 AM Bot execution started
04/29/2020 02:10:02 AM Not sending email because duration is not breached last email sent at29/04/2020 01:43:11
04/29/2020 02:10:27 AM Bot execution started
04/29/2020 02:10:32 AM Bot execution started
04/29/2020 02:10:32 AM Not sending email because duration is not breached last email sent at29/04/2020 01:43:11
04/29/2020 04:32:25 PM Bot execution started
04/29/2020 04:33:52 PM Bot execution started
04/29/2020 04:42:48 PM Bot execution started
04/29/2020 04:42:48 PM Reading services file
04/29/2020 04:42:48 PM checking linux services
04/29/2020 04:42:48 PM updating COunter +1
04/29/2020 04:42:48 PM More than one sample is postitive. Initiating email process
04/29/2020 04:47:23 PM Bot execution started
04/29/2020 04:47:23 PM Reading services file
04/29/2020 04:47:23 PM checking linux services
04/29/2020 04:47:23 PM updating COunter +1
04/29/2020 04:47:23 PM More than one sample is postitive. Initiating email process
04/29/2020 04:48:24 PM Bot execution started
04/29/2020 04:48:24 PM Reading services file
04/29/2020 04:48:24 PM checking linux services
04/29/2020 04:48:24 PM updating COunter +1
04/29/2020 04:48:24 PM More than one sample is postitive. Initiating email process
04/29/2020 04:48:49 PM Bot execution started
04/29/2020 04:48:49 PM Reading services file
04/29/2020 04:48:49 PM checking linux services
04/29/2020 04:48:49 PM updating COunter +1
04/29/2020 04:48:49 PM More than one sample is postitive. Initiating email process
04/29/2020 04:49:29 PM Bot execution started
04/29/2020 04:49:29 PM Reading services file
04/29/2020 04:49:29 PM checking linux services
04/29/2020 04:49:29 PM updating COunter +1
04/29/2020 04:49:29 PM More than one sample is postitive. Initiating email process
04/29/2020 04:49:55 PM Bot execution started
04/29/2020 04:49:55 PM Reading services file
04/29/2020 04:49:55 PM checking linux services
04/29/2020 04:49:55 PM updating COunter +1
04/29/2020 04:49:55 PM More than one sample is postitive. Initiating email process
04/29/2020 04:50:19 PM Bot execution started
04/29/2020 04:50:19 PM Reading services file
04/29/2020 04:50:19 PM checking linux services
04/29/2020 04:50:19 PM updating COunter +1
04/29/2020 04:50:19 PM More than one sample is postitive. Initiating email process
04/29/2020 04:51:07 PM Bot execution started
04/29/2020 04:51:07 PM Reading services file
04/29/2020 04:51:07 PM checking linux services
04/29/2020 04:51:07 PM updating COunter +1
04/29/2020 04:51:07 PM More than one sample is postitive. Initiating email process
04/29/2020 05:27:08 PM Bot execution started
04/29/2020 05:27:08 PM Reading services file
04/29/2020 05:27:08 PM checking linux services
04/29/2020 05:27:08 PM Resetting Counter
04/29/2020 06:06:52 PM Bot execution started
04/29/2020 06:06:52 PM Reading services file
04/29/2020 06:06:52 PM checking linux services
04/29/2020 06:06:52 PM Resetting Counter
04/29/2020 06:07:13 PM Bot execution started
04/29/2020 06:07:13 PM Reading services file
04/29/2020 06:07:13 PM checking linux services
04/29/2020 06:07:13 PM checking linux services
04/29/2020 06:07:14 PM Resetting Counter
04/29/2020 06:10:57 PM Bot execution started
04/29/2020 06:10:57 PM Reading services file
04/29/2020 06:10:57 PM checking linux services
04/29/2020 06:10:57 PM checking linux services
04/29/2020 06:10:57 PM checking linux services
04/29/2020 06:10:57 PM updating COunter +1
04/29/2020 06:12:08 PM Bot execution started
04/29/2020 06:12:08 PM Reading services file
04/29/2020 06:12:08 PM checking linux services
04/29/2020 06:12:08 PM checking linux services
04/29/2020 06:12:08 PM checking linux services
04/29/2020 06:12:08 PM updating COunter +1
04/29/2020 06:12:08 PM More than one sample is postitive. Initiating email process
04/29/2020 06:14:15 PM [Errno 110] Connection timed out
09/07/2020 12:13:38 PM Bot execution started
09/07/2020 12:13:38 PM Reading services file
09/07/2020 12:13:38 PM Checking service status
09/07/2020 12:13:38 PM Checking service status
09/07/2020 12:13:38 PM Checking service status
09/07/2020 12:13:38 PM Reading counter file
09/07/2020 12:13:38 PM Updating counter file to +1
09/07/2020 12:13:38 PM More than one sample is postitive. Initiating email process
09/07/2020 12:14:39 PM Bot execution started
09/07/2020 12:14:39 PM Reading services file
09/07/2020 12:14:39 PM Checking service status
09/07/2020 12:14:39 PM Checking service status
09/07/2020 12:14:39 PM Checking service status
09/07/2020 12:14:39 PM Reading counter file
09/07/2020 12:14:39 PM Updating counter file to +1
09/07/2020 12:14:39 PM More than one sample is postitive. Initiating email process
09/07/2020 12:16:27 PM Bot execution started
09/07/2020 12:16:27 PM Reading services file
09/07/2020 12:16:27 PM Checking service status
09/07/2020 12:16:27 PM Checking service status
09/07/2020 12:16:27 PM Checking service status
09/07/2020 12:16:27 PM Reading counter file
09/07/2020 12:16:27 PM Updating counter file to +1
09/07/2020 12:16:27 PM More than one sample is postitive. Initiating email process
09/07/2020 12:16:48 PM [WinError 10060] A connection attempt failed because the connected party did not properly respond after a period of time, or established connection failed because connected host has failed to respond
09/07/2020 12:18:28 PM Bot execution started
09/07/2020 12:18:28 PM Reading services file
09/07/2020 12:18:28 PM Checking service status
09/07/2020 12:18:28 PM Checking service status
09/07/2020 12:18:28 PM Checking service status
09/07/2020 12:18:28 PM Reading counter file
09/07/2020 12:18:28 PM Updating counter file to +1
09/07/2020 12:18:28 PM More than one sample is postitive. Initiating email process
09/07/2020 12:18:28 PM Not sending email because duration 				 is not breached. Last email sent at: 07/09/2020 12:16:48
09/07/2020 12:18:50 PM Bot execution started
09/07/2020 12:18:50 PM Reading services file
09/07/2020 12:18:50 PM Checking service status
09/07/2020 12:18:50 PM Checking service status
09/07/2020 12:18:50 PM Checking service status
09/07/2020 12:18:50 PM Reading counter file
09/07/2020 12:18:50 PM Updating counter file to +1
09/07/2020 12:18:50 PM More than one sample is postitive. Initiating email process
09/07/2020 12:18:50 PM Not sending email because duration 				 is not breached. Last email sent at: 07/09/2020 12:16:48
09/07/2020 12:19:08 PM Bot execution started
09/07/2020 12:19:08 PM Reading services file
09/07/2020 12:19:08 PM Checking service status
09/07/2020 12:19:08 PM Checking service status
09/07/2020 12:19:08 PM Checking service status
09/07/2020 12:19:08 PM Reading counter file
09/07/2020 12:19:08 PM Updating counter file to +1
09/07/2020 12:19:08 PM More than one sample is postitive. Initiating email process
09/07/2020 12:19:08 PM Not sending email because duration 				 is not breached. Last email sent at: 07/09/2020 12:16:48
09/07/2020 12:19:11 PM Bot execution started
09/07/2020 12:19:11 PM Reading services file
09/07/2020 12:19:11 PM Checking service status
09/07/2020 12:19:11 PM Checking service status
09/07/2020 12:19:11 PM Checking service status
09/07/2020 12:19:11 PM Reading counter file
09/07/2020 12:19:11 PM Updating counter file to +1
09/07/2020 12:19:11 PM More than one sample is postitive. Initiating email process
09/07/2020 12:19:11 PM Not sending email because duration 				 is not breached. Last email sent at: 07/09/2020 12:16:48
09/07/2020 12:19:13 PM Bot execution started
09/07/2020 12:19:13 PM Reading services file
09/07/2020 12:19:13 PM Checking service status
09/07/2020 12:19:13 PM Checking service status
09/07/2020 12:19:13 PM Checking service status
09/07/2020 12:19:13 PM Reading counter file
09/07/2020 12:19:13 PM Updating counter file to +1
09/07/2020 12:19:13 PM More than one sample is postitive. Initiating email process
09/07/2020 12:19:13 PM Not sending email because duration 				 is not breached. Last email sent at: 07/09/2020 12:16:48
09/07/2020 12:19:15 PM Bot execution started
09/07/2020 12:19:15 PM Reading services file
09/07/2020 12:19:15 PM Checking service status
09/07/2020 12:19:15 PM Checking service status
09/07/2020 12:19:15 PM Checking service status
09/07/2020 12:19:15 PM Reading counter file
09/07/2020 12:19:15 PM Updating counter file to +1
09/07/2020 12:19:15 PM More than one sample is postitive. Initiating email process
09/07/2020 12:19:15 PM Not sending email because duration 				 is not breached. Last email sent at: 07/09/2020 12:16:48
09/07/2020 12:23:18 PM Bot execution started
09/07/2020 12:23:18 PM Reading services file
09/07/2020 12:23:18 PM Checking service status
09/07/2020 12:23:18 PM Checking service status
09/07/2020 12:23:18 PM Checking service status
09/07/2020 12:23:18 PM Reading counter file
09/07/2020 12:23:18 PM Updating counter file to +1
09/07/2020 12:23:18 PM More than one sample is postitive. Initiating email process
09/07/2020 12:23:39 PM [WinError 10060] A connection attempt failed because the connected party did not properly respond after a period of time, or established connection failed because connected host has failed to respond
09/07/2020 12:28:29 PM Bot execution started
09/07/2020 12:28:29 PM Reading services file
09/07/2020 12:28:29 PM Checking service status
09/07/2020 12:28:29 PM Checking service status
09/07/2020 12:28:29 PM Checking service status
09/07/2020 12:28:29 PM Reading counter file
09/07/2020 12:28:29 PM Updating counter file to +1
09/07/2020 12:28:29 PM More than one sample is postitive. Initiating email process
09/07/2020 12:28:30 PM SMTP AUTH extension not supported by server.
09/07/2020 12:29:49 PM Bot execution started
09/07/2020 12:29:49 PM Reading services file
09/07/2020 12:29:49 PM Checking service status
09/07/2020 12:29:49 PM Checking service status
09/07/2020 12:29:49 PM Checking service status
09/07/2020 12:29:49 PM Reading counter file
09/07/2020 12:29:49 PM Updating counter file to +1
09/07/2020 12:29:49 PM More than one sample is postitive. Initiating email process
09/07/2020 12:29:49 PM name 'context' is not defined
09/07/2020 12:30:54 PM Bot execution started
09/07/2020 12:30:54 PM Reading services file
09/07/2020 12:30:54 PM Checking service status
09/07/2020 12:30:54 PM Checking service status
09/07/2020 12:30:54 PM Checking service status
09/07/2020 12:30:54 PM Reading counter file
09/07/2020 12:30:54 PM Updating counter file to +1
09/07/2020 12:30:54 PM More than one sample is postitive. Initiating email process
09/07/2020 03:02:36 PM Bot execution started
09/07/2020 03:02:36 PM Reading services file
09/07/2020 03:02:36 PM Checking service status
09/07/2020 03:02:36 PM Checking service status
09/07/2020 03:02:36 PM Checking service status
09/07/2020 03:02:36 PM Reading counter file
09/07/2020 03:02:36 PM Updating counter file to +1
09/07/2020 03:02:36 PM More than one sample is postitive. Initiating email process
09/07/2020 03:02:46 PM Bot execution started
09/07/2020 03:02:46 PM Reading services file
09/07/2020 03:02:46 PM Checking service status
09/07/2020 03:02:46 PM Checking service status
09/07/2020 03:02:46 PM Checking service status
09/07/2020 03:02:46 PM Reading counter file
09/07/2020 03:02:46 PM Updating counter file to +1
09/07/2020 03:02:46 PM More than one sample is postitive. Initiating email process
09/07/2020 03:03:04 PM Bot execution started
09/07/2020 03:03:04 PM Reading services file
09/07/2020 03:03:04 PM Checking service status
09/07/2020 03:03:04 PM Checking service status
09/07/2020 03:03:04 PM Checking service status
09/07/2020 03:03:04 PM Reading counter file
09/07/2020 03:03:04 PM Updating counter file to +1
09/07/2020 03:03:04 PM More than one sample is postitive. Initiating email process
09/07/2020 03:06:00 PM Bot execution started
09/07/2020 03:06:00 PM Reading services file
09/07/2020 03:06:00 PM Checking service status
09/07/2020 03:06:00 PM Checking service status
09/07/2020 03:06:00 PM Checking service status
09/07/2020 03:06:00 PM Reading counter file
09/07/2020 03:06:00 PM Updating counter file to +1
09/07/2020 03:06:00 PM More than one sample is postitive. Initiating email process
09/07/2020 03:06:07 PM Bot execution started
09/07/2020 03:06:07 PM Reading services file
09/07/2020 03:06:07 PM Checking service status
09/07/2020 03:06:07 PM Checking service status
09/07/2020 03:06:07 PM Checking service status
09/07/2020 03:06:07 PM Reading counter file
09/07/2020 03:06:07 PM Updating counter file to +1
09/07/2020 03:06:07 PM More than one sample is postitive. Initiating email process
09/07/2020 03:06:07 PM Not sending email because duration 				 is not breached. Last email sent at: 07/09/2020 15:06:03
